<?xml version="1.0" encoding="UTF-8"?>
<testsuite xmlns:xsi="http://www.w3.org/2001/XMLSchema-instance" xsi:noNamespaceSchemaLocation="https://maven.apache.org/surefire/maven-surefire-plugin/xsd/surefire-test-report-3.0.xsd" version="3.0" name="com.example.playwright.GoogleDemoTests" time="66.553" tests="10" errors="2" skipped="0" failures="5">
  <properties>
[...]
</properties>
  <testcase name="googleHomePageUrl_shouldUseHttps" classname="com.example.playwright.GoogleDemoTests" time="0.832"/>
  <testcase name="googleTitle_shouldNotBeJustGoogle" classname="com.example.playwright.GoogleDemoTests" time="0.925">
    <failure message="expected: not equal but was: &lt;Google&gt;" type="org.opentest4j.AssertionFailedError"><![CDATA[org.opentest4j.AssertionFailedError: expected: not equal but was: <Google>
	at org.junit.jupiter.api.AssertionFailureBuilder.build(AssertionFailureBuilder.java:152)
	at org.junit.jupiter.api.AssertionFailureBuilder.buildAndThrow(AssertionFailureBuilder.java:132)
	at org.junit.jupiter.api.AssertNotEquals.failEqual(AssertNotEquals.java:277)
	at org.junit.jupiter.api.AssertNotEquals.assertNotEquals(AssertNotEquals.java:263)
	at org.junit.jupiter.api.AssertNotEquals.assertNotEquals(AssertNotEquals.java:258)
	at org.junit.jupiter.api.Assertions.assertNotEquals(Assertions.java:2819)
	at com.example.playwright.GoogleDemoTests.googleTitle_shouldNotBeJustGoogle(GoogleDemoTests.java:105)
	at java.base/java.lang.reflect.Method.invoke(Method.java:565)
	at java.base/java.util.ArrayList.forEach(ArrayList.java:1604)
	at java.base/java.util.ArrayList.forEach(ArrayList.java:1604)
]]></failure>
  </testcase>
  <testcase name="searchForPlaywright_shouldOpenResultsPage" classname="com.example.playwright.GoogleDemoTests" time="30.924">
    <error message="Error {&#10;  message=&apos;Timeout 30000ms exceeded.&#10;  name=&apos;TimeoutError&#10;  stack=&apos;TimeoutError: Timeout 30000ms exceeded.&#10;    at ProgressController.run (/private/var/folders/px/5wpc216d04jbn0bfr5wdf0vh0000gn/T/playwright-java-2941089807967297533/package/lib/server/progress.js:78:26)&#10;    at Frame.fill (/private/var/folders/px/5wpc216d04jbn0bfr5wdf0vh0000gn/T/playwright-java-2941089807967297533/package/lib/server/frames.js:1063:23)&#10;    at FrameDispatcher.fill (/private/var/folders/px/5wpc216d04jbn0bfr5wdf0vh0000gn/T/playwright-java-2941089807967297533/package/lib/server/dispatchers/frameDispatcher.js:169:30)&#10;    at FrameDispatcher._handleCommand (/private/var/folders/px/5wpc216d04jbn0bfr5wdf0vh0000gn/T/playwright-java-2941089807967297533/package/lib/server/dispatchers/dispatcher.js:94:40)&#10;    at DispatcherConnection.dispatch (/private/var/folders/px/5wpc216d04jbn0bfr5wdf0vh0000gn/T/playwright-java-2941089807967297533/package/lib/server/dispatchers/dispatcher.js:361:39)&#10;}&#10;Call log:&#10;- waiting for locator(&quot;input[name=&apos;q&apos;]&quot;)&#10;" type="com.microsoft.playwright.TimeoutError"><![CDATA[com.microsoft.playwright.TimeoutError: 
Error {
  message='Timeout 30000ms exceeded.
  name='TimeoutError
  stack='TimeoutError: Timeout 30000ms exceeded.
    at ProgressController.run (/private/var/folders/px/5wpc216d04jbn0bfr5wdf0vh0000gn/T/playwright-java-2941089807967297533/package/lib/server/progress.js:78:26)
    at Frame.fill (/private/var/folders/px/5wpc216d04jbn0bfr5wdf0vh0000gn/T/playwright-java-2941089807967297533/package/lib/server/frames.js:1063:23)
    at FrameDispatcher.fill (/private/var/folders/px/5wpc216d04jbn0bfr5wdf0vh0000gn/T/playwright-java-2941089807967297533/package/lib/server/dispatchers/frameDispatcher.js:169:30)
    at FrameDispatcher._handleCommand (/private/var/folders/px/5wpc216d04jbn0bfr5wdf0vh0000gn/T/playwright-java-2941089807967297533/package/lib/server/dispatchers/dispatcher.js:94:40)
    at DispatcherConnection.dispatch (/private/var/folders/px/5wpc216d04jbn0bfr5wdf0vh0000gn/T/playwright-java-2941089807967297533/package/lib/server/dispatchers/dispatcher.js:361:39)
}
Call log:
- waiting for locator("input[name='q']")

	at com.microsoft.playwright.impl.WaitableResult.get(WaitableResult.java:52)
	at com.microsoft.playwright.impl.ChannelOwner.runUntil(ChannelOwner.java:132)
	at com.microsoft.playwright.impl.Connection.sendMessage(Connection.java:130)
	at com.microsoft.playwright.impl.ChannelOwner.sendMessage(ChannelOwner.java:118)
	at com.microsoft.playwright.impl.FrameImpl.fillImpl(FrameImpl.java:335)
	at com.microsoft.playwright.impl.FrameImpl.lambda$fill$14(FrameImpl.java:325)
	at com.microsoft.playwright.impl.LoggingSupport.lambda$withLogging$0(LoggingSupport.java:36)
	at com.microsoft.playwright.impl.LoggingSupport.withLogging(LoggingSupport.java:47)
	at com.microsoft.playwright.impl.ChannelOwner.withLogging(ChannelOwner.java:97)
	at com.microsoft.playwright.impl.LoggingSupport.withLogging(LoggingSupport.java:35)
	at com.microsoft.playwright.impl.FrameImpl.fill(FrameImpl.java:325)
	at com.microsoft.playwright.impl.LocatorImpl.fill(LocatorImpl.java:235)
	at com.microsoft.playwright.Locator.fill(Locator.java:2995)
	at com.example.playwright.GoogleDemoTests.searchForPlaywright_shouldOpenResultsPage(GoogleDemoTests.java:67)
	at java.base/java.lang.reflect.Method.invoke(Method.java:565)
	at java.base/java.util.ArrayList.forEach(ArrayList.java:1604)
	at java.base/java.util.ArrayList.forEach(ArrayList.java:1604)
Caused by: com.microsoft.playwright.TimeoutError: Error {
  message='Timeout 30000ms exceeded.
  name='TimeoutError
  stack='TimeoutError: Timeout 30000ms exceeded.
    at ProgressController.run (/private/var/folders/px/5wpc216d04jbn0bfr5wdf0vh0000gn/T/playwright-java-2941089807967297533/package/lib/server/progress.js:78:26)
    at Frame.fill (/private/var/folders/px/5wpc216d04jbn0bfr5wdf0vh0000gn/T/playwright-java-2941089807967297533/package/lib/server/frames.js:1063:23)
    at FrameDispatcher.fill (/private/var/folders/px/5wpc216d04jbn0bfr5wdf0vh0000gn/T/playwright-java-2941089807967297533/package/lib/server/dispatchers/frameDispatcher.js:169:30)
    at FrameDispatcher._handleCommand (/private/var/folders/px/5wpc216d04jbn0bfr5wdf0vh0000gn/T/playwright-java-2941089807967297533/package/lib/server/dispatchers/dispatcher.js:94:40)
    at DispatcherConnection.dispatch (/private/var/folders/px/5wpc216d04jbn0bfr5wdf0vh0000gn/T/playwright-java-2941089807967297533/package/lib/server/dispatchers/dispatcher.js:361:39)
}
Call log:
- waiting for locator("input[name='q']")

	at com.microsoft.playwright.impl.Connection.dispatch(Connection.java:254)
	at com.microsoft.playwright.impl.Connection.processOneMessage(Connection.java:211)
	at com.microsoft.playwright.impl.ChannelOwner.runUntil(ChannelOwner.java:130)
	... 15 more
]]></error>
  </testcase>
  <testcase name="searchForPlaywright_shouldFailOnWeirdUrlCheck" classname="com.example.playwright.GoogleDemoTests" time="31.093">
    <error message="Error {&#10;  message=&apos;Timeout 30000ms exceeded.&#10;  name=&apos;TimeoutError&#10;  stack=&apos;TimeoutError: Timeout 30000ms exceeded.&#10;    at ProgressController.run (/private/var/folders/px/5wpc216d04jbn0bfr5wdf0vh0000gn/T/playwright-java-2941089807967297533/package/lib/server/progress.js:78:26)&#10;    at Frame.fill (/private/var/folders/px/5wpc216d04jbn0bfr5wdf0vh0000gn/T/playwright-java-2941089807967297533/package/lib/server/frames.js:1063:23)&#10;    at FrameDispatcher.fill (/private/var/folders/px/5wpc216d04jbn0bfr5wdf0vh0000gn/T/playwright-java-2941089807967297533/package/lib/server/dispatchers/frameDispatcher.js:169:30)&#10;    at FrameDispatcher._handleCommand (/private/var/folders/px/5wpc216d04jbn0bfr5wdf0vh0000gn/T/playwright-java-2941089807967297533/package/lib/server/dispatchers/dispatcher.js:94:40)&#10;    at DispatcherConnection.dispatch (/private/var/folders/px/5wpc216d04jbn0bfr5wdf0vh0000gn/T/playwright-java-2941089807967297533/package/lib/server/dispatchers/dispatcher.js:361:39)&#10;}&#10;Call log:&#10;- waiting for locator(&quot;input[name=&apos;q&apos;]&quot;)&#10;" type="com.microsoft.playwright.TimeoutError"><![CDATA[com.microsoft.playwright.TimeoutError: 
Error {
  message='Timeout 30000ms exceeded.
  name='TimeoutError
  stack='TimeoutError: Timeout 30000ms exceeded.
    at ProgressController.run (/private/var/folders/px/5wpc216d04jbn0bfr5wdf0vh0000gn/T/playwright-java-2941089807967297533/package/lib/server/progress.js:78:26)
    at Frame.fill (/private/var/folders/px/5wpc216d04jbn0bfr5wdf0vh0000gn/T/playwright-java-2941089807967297533/package/lib/server/frames.js:1063:23)
    at FrameDispatcher.fill (/private/var/folders/px/5wpc216d04jbn0bfr5wdf0vh0000gn/T/playwright-java-2941089807967297533/package/lib/server/dispatchers/frameDispatcher.js:169:30)
    at FrameDispatcher._handleCommand (/private/var/folders/px/5wpc216d04jbn0bfr5wdf0vh0000gn/T/playwright-java-2941089807967297533/package/lib/server/dispatchers/dispatcher.js:94:40)
    at DispatcherConnection.dispatch (/private/var/folders/px/5wpc216d04jbn0bfr5wdf0vh0000gn/T/playwright-java-2941089807967297533/package/lib/server/dispatchers/dispatcher.js:361:39)
}
Call log:
- waiting for locator("input[name='q']")

	at com.microsoft.playwright.impl.WaitableResult.get(WaitableResult.java:52)
	at com.microsoft.playwright.impl.ChannelOwner.runUntil(ChannelOwner.java:132)
	at com.microsoft.playwright.impl.Connection.sendMessage(Connection.java:130)
	at com.microsoft.playwright.impl.ChannelOwner.sendMessage(ChannelOwner.java:118)
	at com.microsoft.playwright.impl.FrameImpl.fillImpl(FrameImpl.java:335)
	at com.microsoft.playwright.impl.FrameImpl.lambda$fill$14(FrameImpl.java:325)
	at com.microsoft.playwright.impl.LoggingSupport.lambda$withLogging$0(LoggingSupport.java:36)
	at com.microsoft.playwright.impl.LoggingSupport.withLogging(LoggingSupport.java:47)
	at com.microsoft.playwright.impl.ChannelOwner.withLogging(ChannelOwner.java:97)
	at com.microsoft.playwright.impl.LoggingSupport.withLogging(LoggingSupport.java:35)
	at com.microsoft.playwright.impl.FrameImpl.fill(FrameImpl.java:325)
	at com.microsoft.playwright.impl.LocatorImpl.fill(LocatorImpl.java:235)
	at com.microsoft.playwright.Locator.fill(Locator.java:2995)
	at com.example.playwright.GoogleDemoTests.searchForPlaywright_shouldFailOnWeirdUrlCheck(GoogleDemoTests.java:142)
	at java.base/java.lang.reflect.Method.invoke(Method.java:565)
	at java.base/java.util.ArrayList.forEach(ArrayList.java:1604)
	at java.base/java.util.ArrayList.forEach(ArrayList.java:1604)
Caused by: com.microsoft.playwright.TimeoutError: Error {
  message='Timeout 30000ms exceeded.
  name='TimeoutError
  stack='TimeoutError: Timeout 30000ms exceeded.
    at ProgressController.run (/private/var/folders/px/5wpc216d04jbn0bfr5wdf0vh0000gn/T/playwright-java-2941089807967297533/package/lib/server/progress.js:78:26)
    at Frame.fill (/private/var/folders/px/5wpc216d04jbn0bfr5wdf0vh0000gn/T/playwright-java-2941089807967297533/package/lib/server/frames.js:1063:23)
    at FrameDispatcher.fill (/private/var/folders/px/5wpc216d04jbn0bfr5wdf0vh0000gn/T/playwright-java-2941089807967297533/package/lib/server/dispatchers/frameDispatcher.js:169:30)
    at FrameDispatcher._handleCommand (/private/var/folders/px/5wpc216d04jbn0bfr5wdf0vh0000gn/T/playwright-java-2941089807967297533/package/lib/server/dispatchers/dispatcher.js:94:40)
    at DispatcherConnection.dispatch (/private/var/folders/px/5wpc216d04jbn0bfr5wdf0vh0000gn/T/playwright-java-2941089807967297533/package/lib/server/dispatchers/dispatcher.js:361:39)
}
Call log:
- waiting for locator("input[name='q']")

	at com.microsoft.playwright.impl.Connection.dispatch(Connection.java:254)
	at com.microsoft.playwright.impl.Connection.processOneMessage(Connection.java:211)
	at com.microsoft.playwright.impl.ChannelOwner.runUntil(ChannelOwner.java:130)
	... 15 more
]]></error>
  </testcase>
  <testcase name="simpleMath_shouldFail" classname="com.example.playwright.GoogleDemoTests" time="0.049">
    <failure message="Intentional failure: 2 * 2 is not 5 ==&gt; expected: &lt;5&gt; but was: &lt;4&gt;" type="org.opentest4j.AssertionFailedError"><![CDATA[org.opentest4j.AssertionFailedError: Intentional failure: 2 * 2 is not 5 ==> expected: <5> but was: <4>
	at org.junit.jupiter.api.AssertionFailureBuilder.build(AssertionFailureBuilder.java:151)
	at org.junit.jupiter.api.AssertionFailureBuilder.buildAndThrow(AssertionFailureBuilder.java:132)
	at org.junit.jupiter.api.AssertEquals.failNotEqual(AssertEquals.java:197)
	at org.junit.jupiter.api.AssertEquals.assertEquals(AssertEquals.java:150)
	at org.junit.jupiter.api.Assertions.assertEquals(Assertions.java:563)
	at com.example.playwright.GoogleDemoTests.simpleMath_shouldFail(GoogleDemoTests.java:129)
	at java.base/java.lang.reflect.Method.invoke(Method.java:565)
	at java.base/java.util.ArrayList.forEach(ArrayList.java:1604)
	at java.base/java.util.ArrayList.forEach(ArrayList.java:1604)
]]></failure>
  </testcase>
  <testcase name="simpleMath_shouldPass" classname="com.example.playwright.GoogleDemoTests" time="0.037"/>
  <testcase name="googleHomePageTitle_shouldContainGoogle" classname="com.example.playwright.GoogleDemoTests" time="1.149"/>
  <testcase name="stringEquality_shouldFail" classname="com.example.playwright.GoogleDemoTests" time="0.036">
    <failure message="Intentional failure: strings are not equal ==&gt; expected: &lt;expected&gt; but was: &lt;actual&gt;" type="org.opentest4j.AssertionFailedError"><![CDATA[org.opentest4j.AssertionFailedError: Intentional failure: strings are not equal ==> expected: <expected> but was: <actual>
	at org.junit.jupiter.api.AssertionFailureBuilder.build(AssertionFailureBuilder.java:151)
	at org.junit.jupiter.api.AssertionFailureBuilder.buildAndThrow(AssertionFailureBuilder.java:132)
	at org.junit.jupiter.api.AssertEquals.failNotEqual(AssertEquals.java:197)
	at org.junit.jupiter.api.AssertEquals.assertEquals(AssertEquals.java:182)
	at org.junit.jupiter.api.Assertions.assertEquals(Assertions.java:1156)
	at com.example.playwright.GoogleDemoTests.stringEquality_shouldFail(GoogleDemoTests.java:166)
	at java.base/java.lang.reflect.Method.invoke(Method.java:565)
	at java.base/java.util.ArrayList.forEach(ArrayList.java:1604)
	at java.base/java.util.ArrayList.forEach(ArrayList.java:1604)
]]></failure>
  </testcase>
  <testcase name="googleTitle_shouldContainBing_butFails" classname="com.example.playwright.GoogleDemoTests" time="1.189">
    <failure message="Intentional failure: Google title does not contain &apos;Bing&apos; ==&gt; expected: &lt;true&gt; but was: &lt;false&gt;" type="org.opentest4j.AssertionFailedError"><![CDATA[org.opentest4j.AssertionFailedError: Intentional failure: Google title does not contain 'Bing' ==> expected: <true> but was: <false>
	at org.junit.jupiter.api.AssertionFailureBuilder.build(AssertionFailureBuilder.java:151)
	at org.junit.jupiter.api.AssertionFailureBuilder.buildAndThrow(AssertionFailureBuilder.java:132)
	at org.junit.jupiter.api.AssertTrue.failNotTrue(AssertTrue.java:63)
	at org.junit.jupiter.api.AssertTrue.assertTrue(AssertTrue.java:36)
	at org.junit.jupiter.api.Assertions.assertTrue(Assertions.java:214)
	at com.example.playwright.GoogleDemoTests.googleTitle_shouldContainBing_butFails(GoogleDemoTests.java:119)
	at java.base/java.lang.reflect.Method.invoke(Method.java:565)
	at java.base/java.util.ArrayList.forEach(ArrayList.java:1604)
	at java.base/java.util.ArrayList.forEach(ArrayList.java:1604)
]]></failure>
  </testcase>
  <testcase name="alwaysFalseCondition_shouldFail" classname="com.example.playwright.GoogleDemoTests" time="0.04">
    <failure message="Intentional failure: false is not true ==&gt; expected: &lt;true&gt; but was: &lt;false&gt;" type="org.opentest4j.AssertionFailedError"><![CDATA[org.opentest4j.AssertionFailedError: Intentional failure: false is not true ==> expected: <true> but was: <false>
	at org.junit.jupiter.api.AssertionFailureBuilder.build(AssertionFailureBuilder.java:151)
	at org.junit.jupiter.api.AssertionFailureBuilder.buildAndThrow(AssertionFailureBuilder.java:132)
	at org.junit.jupiter.api.AssertTrue.failNotTrue(AssertTrue.java:63)
	at org.junit.jupiter.api.AssertTrue.assertTrue(AssertTrue.java:36)
	at org.junit.jupiter.api.Assertions.assertTrue(Assertions.java:214)
	at com.example.playwright.GoogleDemoTests.alwaysFalseCondition_shouldFail(GoogleDemoTests.java:157)
	at java.base/java.lang.reflect.Method.invoke(Method.java:565)
	at java.base/java.util.ArrayList.forEach(ArrayList.java:1604)
	at java.base/java.util.ArrayList.forEach(ArrayList.java:1604)
]]></failure>
  </testcase>
</testsuite>