<?xml version="1.0" encoding="UTF-8"?>
<testsuite xmlns:xsi="http://www.w3.org/2001/XMLSchema-instance" xsi:noNamespaceSchemaLocation="https://maven.apache.org/surefire/maven-surefire-plugin/xsd/surefire-test-report-3.0.xsd" version="3.0" name="com.example.framework.runners.RunCucumberTests" time="13.32" tests="6" errors="0" skipped="0" failures="0">
  <properties>
[...]
</properties>
  <testcase name="Create a new user" classname="User Management API" time="1.017">
    <system-out><![CDATA[
@api
Scenario: Create a new user                         &amp#27;[90m# features/api/user_management.feature:8&amp#27;[0m
Request method:	POST
Request URI:	https://jsonplaceholder.typicode.com/users
Proxy:			<none>
Request params:	<none>
Query params:	<none>
Form params:	<none>
Path params:	<none>
Headers:		Accept=*/*
				Content-Type=application/json
Cookies:		<none>
Multiparts:		<none>
Body:
{
    "username": "newuser",
    "email": "newuser@example.com",
    "name": "New User"
}
HTTP/1.1 201 Created
Date: Tue, 17 Feb 2026 20:02:10 GMT
Content-Type: application/json; charset=utf-8
Content-Length: 95
Connection: keep-alive
access-control-allow-credentials: true
access-control-expose-headers: Location
Cache-Control: no-cache
etag: W/"5f-wIrohFVfy34WROlWQ0VvxBn5/Ok"
expires: -1
location: https://jsonplaceholder.typicode.com/users/11
nel: {"report_to":"heroku-nel","response_headers":["Via"],"max_age":3600,"success_fraction":0.01,"failure_fraction":0.1}
pragma: no-cache
report-to: {"group":"heroku-nel","endpoints":[{"url":"https://nel.heroku.com/reports?s=u7cUFKWkF1mTJrkGyEMglNzfd4bhmy1Bo2PeN3%2FYopM%3D\u0026sid=e11707d5-02a7-43ef-b45e-2cf4d2036f7d\u0026ts=1771358530"}],"max_age":3600}
reporting-endpoints: heroku-nel="https://nel.heroku.com/reports?s=u7cUFKWkF1mTJrkGyEMglNzfd4bhmy1Bo2PeN3%2FYopM%3D&sid=e11707d5-02a7-43ef-b45e-2cf4d2036f7d&ts=1771358530"
Server: cloudflare
vary: Origin, X-HTTP-Method-Override, Accept-Encoding
via: 2.0 heroku-router
x-content-type-options: nosniff
x-powered-by: Express
x-ratelimit-limit: 1000
x-ratelimit-remaining: 999
x-ratelimit-reset: 1771358571
cf-cache-status: DYNAMIC
CF-RAY: 9cf7e17d3961e40b-OTP
alt-svc: h3=":443"; ma=86400

{
    "username": "newuser",
    "email": "newuser@example.com",
    "name": "New User",
    "id": 11
}
  &amp#27;[32mWhen &amp#27;[0m&amp#27;[32mI send a POST request to &amp#27;[0m&amp#27;[32m&amp#27;[1m"/users"&amp#27;[0m&amp#27;[32m with body:&amp#27;[0m &amp#27;[90m# com.example.framework.steps.api.ApiSteps.iSendAPostRequestWithBody(java.lang.String,java.lang.String)&amp#27;[0m
  &amp#27;[32mThen &amp#27;[0m&amp#27;[32mthe response status should be &amp#27;[0m&amp#27;[32m&amp#27;[1m201&amp#27;[0m            &amp#27;[90m# com.example.framework.steps.api.ApiSteps.theResponseStatusShouldBe(int)&amp#27;[0m
  &amp#27;[32mAnd &amp#27;[0m&amp#27;[32mthe response should contain field &amp#27;[0m&amp#27;[32m&amp#27;[1m"id"&amp#27;[0m        &amp#27;[90m# com.example.framework.steps.api.ApiSteps.theResponseShouldContainField(java.lang.String)&amp#27;[0m
]]></system-out>
  </testcase>
  <testcase name="Get user by ID" classname="User Management API" time="0.092">
    <system-out><![CDATA[
@api
Scenario: Get user by ID                           &amp#27;[90m# features/api/user_management.feature:21&amp#27;[0m
  &amp#27;[32mGiven &amp#27;[0m&amp#27;[32ma user exists with ID &amp#27;[0m&amp#27;[32m&amp#27;[1m"1"&amp#27;[0m                  &amp#27;[90m# com.example.framework.steps.api.ApiSteps.aUserExistsWithId(java.lang.String)&amp#27;[0m
Request method:	GET
Request URI:	https://jsonplaceholder.typicode.com/users/1
Proxy:			<none>
Request params:	<none>
Query params:	<none>
Form params:	<none>
Path params:	<none>
Headers:		Accept=*/*
				Content-Type=application/json
Cookies:		<none>
Multiparts:		<none>
Body:			<none>
HTTP/1.1 200 OK
Date: Tue, 17 Feb 2026 20:02:10 GMT
Content-Type: application/json; charset=utf-8
Transfer-Encoding: chunked
Connection: keep-alive
access-control-allow-credentials: true
Cache-Control: max-age=43200
etag: W/"1fd-+2Y3G3w049iSZtw5t1mzSnunngE"
expires: -1
nel: {"report_to":"heroku-nel","response_headers":["Via"],"max_age":3600,"success_fraction":0.01,"failure_fraction":0.1}
pragma: no-cache
report-to: {"group":"heroku-nel","endpoints":[{"url":"https://nel.heroku.com/reports?s=r5i8%2Bxts9f4WIA2Vf7L0vtKtyrP2tQInI%2F31przIIoM%3D\u0026sid=e11707d5-02a7-43ef-b45e-2cf4d2036f7d\u0026ts=1771350784"}],"max_age":3600}
reporting-endpoints: heroku-nel="https://nel.heroku.com/reports?s=r5i8%2Bxts9f4WIA2Vf7L0vtKtyrP2tQInI%2F31przIIoM%3D&sid=e11707d5-02a7-43ef-b45e-2cf4d2036f7d&ts=1771350784"
Server: cloudflare
vary: Origin, Accept-Encoding
via: 2.0 heroku-router
x-content-type-options: nosniff
x-powered-by: Express
x-ratelimit-limit: 1000
x-ratelimit-remaining: 959
x-ratelimit-reset: 1771350812
Age: 7746
cf-cache-status: HIT
Content-Encoding: gzip
CF-RAY: 9cf7e17fa8a2c9d4-OTP
alt-svc: h3=":443"; ma=86400

{
    "id": 1,
    "name": "Leanne Graham",
    "username": "Bret",
    "email": "Sincere@april.biz",
    "address": {
        "street": "Kulas Light",
        "suite": "Apt. 556",
        "city": "Gwenborough",
        "zipcode": "92998-3874",
        "geo": {
            "lat": "-37.3159",
            "lng": "81.1496"
        }
    },
    "phone": "1-770-736-8031 x56442",
    "website": "hildegard.org",
    "company": {
        "name": "Romaguera-Crona",
        "catchPhrase": "Multi-layered client-server neural-net",
        "bs": "harness real-time e-markets"
    }
}
  &amp#27;[32mWhen &amp#27;[0m&amp#27;[32mI send a GET request to &amp#27;[0m&amp#27;[32m&amp#27;[1m"/users/1"&amp#27;[0m          &amp#27;[90m# com.example.framework.steps.api.ApiSteps.iSendAGetRequest(java.lang.String)&amp#27;[0m
  &amp#27;[32mThen &amp#27;[0m&amp#27;[32mthe response status should be &amp#27;[0m&amp#27;[32m&amp#27;[1m200&amp#27;[0m           &amp#27;[90m# com.example.framework.steps.api.ApiSteps.theResponseStatusShouldBe(int)&amp#27;[0m
  &amp#27;[32mAnd &amp#27;[0m&amp#27;[32mthe response should contain field &amp#27;[0m&amp#27;[32m&amp#27;[1m"username"&amp#27;[0m &amp#27;[90m# com.example.framework.steps.api.ApiSteps.theResponseShouldContainField(java.lang.String)&amp#27;[0m
]]></system-out>
  </testcase>
  <testcase name="Verify user details via API and perform UI login" classname="API + UI user verification" time="3.227">
    <system-out><![CDATA[
@api @ui @e2e
Scenario: Verify user details via API and perform UI login         &amp#27;[90m# features/e2e/api_ui_user_login.feature:8&amp#27;[0m
  &amp#27;[32mGiven &amp#27;[0m&amp#27;[32ma user exists with ID &amp#27;[0m&amp#27;[32m&amp#27;[1m"1"&amp#27;[0m                                  &amp#27;[90m# com.example.framework.steps.api.ApiSteps.aUserExistsWithId(java.lang.String)&amp#27;[0m
Request method:	GET
Request URI:	https://jsonplaceholder.typicode.com/users/1
Proxy:			<none>
Request params:	<none>
Query params:	<none>
Form params:	<none>
Path params:	<none>
Headers:		Accept=*/*
				Content-Type=application/json
Cookies:		<none>
Multiparts:		<none>
Body:			<none>
HTTP/1.1 200 OK
Date: Tue, 17 Feb 2026 20:02:10 GMT
Content-Type: application/json; charset=utf-8
Transfer-Encoding: chunked
Connection: keep-alive
access-control-allow-credentials: true
Cache-Control: max-age=43200
etag: W/"1fd-+2Y3G3w049iSZtw5t1mzSnunngE"
expires: -1
nel: {"report_to":"heroku-nel","response_headers":["Via"],"max_age":3600,"success_fraction":0.01,"failure_fraction":0.1}
pragma: no-cache
report-to: {"group":"heroku-nel","endpoints":[{"url":"https://nel.heroku.com/reports?s=r5i8%2Bxts9f4WIA2Vf7L0vtKtyrP2tQInI%2F31przIIoM%3D\u0026sid=e11707d5-02a7-43ef-b45e-2cf4d2036f7d\u0026ts=1771350784"}],"max_age":3600}
reporting-endpoints: heroku-nel="https://nel.heroku.com/reports?s=r5i8%2Bxts9f4WIA2Vf7L0vtKtyrP2tQInI%2F31przIIoM%3D&sid=e11707d5-02a7-43ef-b45e-2cf4d2036f7d&ts=1771350784"
Server: cloudflare
vary: Origin, Accept-Encoding
via: 2.0 heroku-router
x-content-type-options: nosniff
x-powered-by: Express
x-ratelimit-limit: 1000
x-ratelimit-remaining: 959
x-ratelimit-reset: 1771350812
Age: 7746
cf-cache-status: HIT
Content-Encoding: gzip
CF-RAY: 9cf7e1826d760545-OTP
alt-svc: h3=":443"; ma=86400

{
    "id": 1,
    "name": "Leanne Graham",
    "username": "Bret",
    "email": "Sincere@april.biz",
    "address": {
        "street": "Kulas Light",
        "suite": "Apt. 556",
        "city": "Gwenborough",
        "zipcode": "92998-3874",
        "geo": {
            "lat": "-37.3159",
            "lng": "81.1496"
        }
    },
    "phone": "1-770-736-8031 x56442",
    "website": "hildegard.org",
    "company": {
        "name": "Romaguera-Crona",
        "catchPhrase": "Multi-layered client-server neural-net",
        "bs": "harness real-time e-markets"
    }
}
  &amp#27;[32mWhen &amp#27;[0m&amp#27;[32mI send a GET request to &amp#27;[0m&amp#27;[32m&amp#27;[1m"/users/1"&amp#27;[0m                          &amp#27;[90m# com.example.framework.steps.api.ApiSteps.iSendAGetRequest(java.lang.String)&amp#27;[0m
  &amp#27;[32mThen &amp#27;[0m&amp#27;[32mthe response status should be &amp#27;[0m&amp#27;[32m&amp#27;[1m200&amp#27;[0m                           &amp#27;[90m# com.example.framework.steps.api.ApiSteps.theResponseStatusShouldBe(int)&amp#27;[0m
  &amp#27;[32mAnd &amp#27;[0m&amp#27;[32mthe response should contain field &amp#27;[0m&amp#27;[32m&amp#27;[1m"username"&amp#27;[0m                 &amp#27;[90m# com.example.framework.steps.api.ApiSteps.theResponseShouldContainField(java.lang.String)&amp#27;[0m
  &amp#27;[32mGiven &amp#27;[0m&amp#27;[32mI am on the login page&amp#27;[0m                                     &amp#27;[90m# com.example.framework.steps.ui.LoginSteps.iAmOnTheLoginPage()&amp#27;[0m
  &amp#27;[32mWhen &amp#27;[0m&amp#27;[32mI log in as &amp#27;[0m&amp#27;[32m&amp#27;[1m"tomsmith"&amp#27;[0m&amp#27;[32m with password &amp#27;[0m&amp#27;[32m&amp#27;[1m"SuperSecretPassword!"&amp#27;[0m &amp#27;[90m# com.example.framework.steps.ui.LoginSteps.iLogInAsWithPassword(java.lang.String,java.lang.String)&amp#27;[0m
  &amp#27;[32mThen &amp#27;[0m&amp#27;[32mI should see the dashboard&amp#27;[0m                                  &amp#27;[90m# com.example.framework.steps.ui.LoginSteps.iShouldSeeTheDashboard()&amp#27;[0m
]]></system-out>
  </testcase>
  <testcase name="Complete checkout as logged-in user" classname="End-to-end checkout flow" time="3.423">
    <system-out><![CDATA[
@ui @e2e
Scenario: Complete checkout as logged-in user            &amp#27;[90m# features/ui/e2e_checkout.feature:8&amp#27;[0m
  &amp#27;[32mGiven &amp#27;[0m&amp#27;[32mI am on the login page&amp#27;[0m                           &amp#27;[90m# com.example.framework.steps.ui.LoginSteps.iAmOnTheLoginPage()&amp#27;[0m
  &amp#27;[32mAnd &amp#27;[0m&amp#27;[32mI log in as &amp#27;[0m&amp#27;[32m&amp#27;[1m"customer"&amp#27;[0m&amp#27;[32m with password &amp#27;[0m&amp#27;[32m&amp#27;[1m"customer123"&amp#27;[0m &amp#27;[90m# com.example.framework.steps.ui.LoginSteps.iLogInAsWithPassword(java.lang.String,java.lang.String)&amp#27;[0m
  &amp#27;[32mWhen &amp#27;[0m&amp#27;[32mI navigate to the checkout&amp#27;[0m                        &amp#27;[90m# com.example.framework.steps.ui.CheckoutSteps.iNavigateToTheCheckout()&amp#27;[0m
  &amp#27;[32mAnd &amp#27;[0m&amp#27;[32mI complete the checkout with my saved address&amp#27;[0m      &amp#27;[90m# com.example.framework.steps.ui.CheckoutSteps.iCompleteTheCheckoutWithMySavedAddress()&amp#27;[0m
  &amp#27;[32mThen &amp#27;[0m&amp#27;[32mI should see an order confirmation&amp#27;[0m                &amp#27;[90m# com.example.framework.steps.ui.CheckoutSteps.iShouldSeeAnOrderConfirmation()&amp#27;[0m
]]></system-out>
  </testcase>
  <testcase name="Successful login with valid credentials" classname="User Login" time="2.767">
    <system-out><![CDATA[
@ui
Scenario: Successful login with valid credentials                  &amp#27;[90m# features/ui/login.feature:8&amp#27;[0m
  &amp#27;[32mGiven &amp#27;[0m&amp#27;[32mI am on the login page&amp#27;[0m                                     &amp#27;[90m# com.example.framework.steps.ui.LoginSteps.iAmOnTheLoginPage()&amp#27;[0m
  &amp#27;[32mWhen &amp#27;[0m&amp#27;[32mI log in as &amp#27;[0m&amp#27;[32m&amp#27;[1m"tomsmith"&amp#27;[0m&amp#27;[32m with password &amp#27;[0m&amp#27;[32m&amp#27;[1m"SuperSecretPassword!"&amp#27;[0m &amp#27;[90m# com.example.framework.steps.ui.LoginSteps.iLogInAsWithPassword(java.lang.String,java.lang.String)&amp#27;[0m
  &amp#27;[32mThen &amp#27;[0m&amp#27;[32mI should see the dashboard&amp#27;[0m                                  &amp#27;[90m# com.example.framework.steps.ui.LoginSteps.iShouldSeeTheDashboard()&amp#27;[0m
]]></system-out>
  </testcase>
  <testcase name="Failed login with invalid credentials" classname="User Login" time="2.751">
    <system-out><![CDATA[
@ui
Scenario: Failed login with invalid credentials            &amp#27;[90m# features/ui/login.feature:14&amp#27;[0m
  &amp#27;[32mGiven &amp#27;[0m&amp#27;[32mI am on the login page&amp#27;[0m                             &amp#27;[90m# com.example.framework.steps.ui.LoginSteps.iAmOnTheLoginPage()&amp#27;[0m
  &amp#27;[32mWhen &amp#27;[0m&amp#27;[32mI log in as &amp#27;[0m&amp#27;[32m&amp#27;[1m"invaliduser"&amp#27;[0m&amp#27;[32m with password &amp#27;[0m&amp#27;[32m&amp#27;[1m"wrongpass"&amp#27;[0m &amp#27;[90m# com.example.framework.steps.ui.LoginSteps.iLogInAsWithPassword(java.lang.String,java.lang.String)&amp#27;[0m
  &amp#27;[32mThen &amp#27;[0m&amp#27;[32mI should see an error message&amp#27;[0m                       &amp#27;[90m# com.example.framework.steps.ui.LoginSteps.iShouldSeeAnErrorMessage()&amp#27;[0m
]]></system-out>
  </testcase>
</testsuite>